
**** Build of configuration Debug for project Blinky ****

"C:\\ti\\ccsv6\\utils\\bin\\gmake" -k all 
'Building file: ../main.c'
'Invoking: ARM Compiler'
"C:/ti/ccsv6/tools/compiler/arm_15.12.3.LTS/bin/armcl" -mv7M4 --code_state=16 --float_support=FPv4SPD16 -me --include_path="C:/ti/ccsv6/tools/compiler/arm_15.12.3.LTS/include" --include_path="C:/ti/TivaWare_C_Series-2.1.3.156" -g --gcc --define=ccs="ccs" --define=PART_TM4C1294NCPDT --diag_warning=225 --diag_wrap=off --display_error_number --abi=eabi --preproc_with_compile --preproc_dependency="main.d"  "../main.c"
'Finished building: ../main.c'
' '
'Building file: ../tm4c1294ncpdt_startup_ccs.c'
'Invoking: ARM Compiler'
"C:/ti/ccsv6/tools/compiler/arm_15.12.3.LTS/bin/armcl" -mv7M4 --code_state=16 --float_support=FPv4SPD16 -me --include_path="C:/ti/ccsv6/tools/compiler/arm_15.12.3.LTS/include" --include_path="C:/ti/TivaWare_C_Series-2.1.3.156" -g --gcc --define=ccs="ccs" --define=PART_TM4C1294NCPDT --diag_warning=225 --diag_wrap=off --display_error_number --abi=eabi --preproc_with_compile --preproc_dependency="tm4c1294ncpdt_startup_ccs.d"  "../tm4c1294ncpdt_startup_ccs.c"
'Finished building: ../tm4c1294ncpdt_startup_ccs.c'
' '
'Building target: Blinky.out'
'Invoking: ARM Linker'
"C:/ti/ccsv6/tools/compiler/arm_15.12.3.LTS/bin/armcl" -mv7M4 --code_state=16 --float_support=FPv4SPD16 -me -g --gcc --define=ccs="ccs" --define=PART_TM4C1294NCPDT --diag_warning=225 --diag_wrap=off --display_error_number --abi=eabi -z -m"Blinky.map" --stack_size=512 --heap_size=0 -i"C:/ti/ccsv6/tools/compiler/arm_15.12.3.LTS/lib" -i"C:/ti/ccsv6/tools/compiler/arm_15.12.3.LTS/include" --reread_libs --warn_sections --diag_wrap=off --display_error_number --xml_link_info="Blinky_linkInfo.xml" --rom_model -o "Blinky.out" "./main.obj" "./tm4c1294ncpdt_startup_ccs.obj" "../tm4c1294ncpdt.cmd"  -llibc.a -l"C:/ti/TivaWare_C_Series-2.1.3.156/driverlib/ccs/Debug/driverlib.lib" 
<Linking>
'Finished building target: Blinky.out'
' '

**** Build Finished ****

**** Build of configuration Debug for project Blinky ****

"C:\\ti\\ccsv6\\utils\\bin\\gmake" -k all 
'Building file: ../main.c'
'Invoking: ARM Compiler'
"C:/ti/ccsv6/tools/compiler/arm_15.12.3.LTS/bin/armcl" -mv7M4 --code_state=16 --float_support=FPv4SPD16 -me --include_path="C:/ti/ccsv6/tools/compiler/arm_15.12.3.LTS/include" --include_path="C:/ti/TivaWare_C_Series-2.1.3.156" -g --gcc --define=ccs="ccs" --define=PART_TM4C1294NCPDT --diag_warning=225 --diag_wrap=off --display_error_number --abi=eabi --preproc_with_compile --preproc_dependency="main.d"  "../main.c"
'Finished building: ../main.c'
' '
'Building file: ../tm4c1294ncpdt_startup_ccs.c'
'Invoking: ARM Compiler'
"C:/ti/ccsv6/tools/compiler/arm_15.12.3.LTS/bin/armcl" -mv7M4 --code_state=16 --float_support=FPv4SPD16 -me --include_path="C:/ti/ccsv6/tools/compiler/arm_15.12.3.LTS/include" --include_path="C:/ti/TivaWare_C_Series-2.1.3.156" -g --gcc --define=ccs="ccs" --define=PART_TM4C1294NCPDT --diag_warning=225 --diag_wrap=off --display_error_number --abi=eabi --preproc_with_compile --preproc_dependency="tm4c1294ncpdt_startup_ccs.d"  "../tm4c1294ncpdt_startup_ccs.c"
'Finished building: ../tm4c1294ncpdt_startup_ccs.c'
' '
'Building target: Blinky.out'
'Invoking: ARM Linker'
"C:/ti/ccsv6/tools/compiler/arm_15.12.3.LTS/bin/armcl" -mv7M4 --code_state=16 --float_support=FPv4SPD16 -me -g --gcc --define=ccs="ccs" --define=PART_TM4C1294NCPDT --diag_warning=225 --diag_wrap=off --display_error_number --abi=eabi -z -m"Blinky.map" --stack_size=512 --heap_size=0 -i"C:/ti/ccsv6/tools/compiler/arm_15.12.3.LTS/lib" -i"C:/ti/ccsv6/tools/compiler/arm_15.12.3.LTS/include" --reread_libs --warn_sections --diag_wrap=off --display_error_number --xml_link_info="Blinky_linkInfo.xml" --rom_model -o "Blinky.out" "./main.obj" "./tm4c1294ncpdt_startup_ccs.obj" "../tm4c1294ncpdt.cmd"  -llibc.a -l"C:/ti/TivaWare_C_Series-2.1.3.156/driverlib/ccs/Debug/driverlib.lib" 
<Linking>
'Finished building target: Blinky.out'
' '

**** Build Finished ****

**** Build of configuration Debug for project Blinky ****

"C:\\ti\\ccsv6\\utils\\bin\\gmake" -k all 
gmake: Nothing to be done for 'all'.

**** Build Finished ****

**** Build of configuration Debug for project Blinky ****

"C:\\ti\\ccsv6\\utils\\bin\\gmake" -k all 
'Building file: ../main.c'
'Invoking: ARM Compiler'
"C:/ti/ccsv6/tools/compiler/arm_15.12.3.LTS/bin/armcl" -mv7M4 --code_state=16 --float_support=FPv4SPD16 -me --include_path="C:/ti/ccsv6/tools/compiler/arm_15.12.3.LTS/include" --include_path="C:/ti/TivaWare_C_Series-2.1.3.156" -g --gcc --define=ccs="ccs" --define=PART_TM4C1294NCPDT --diag_warning=225 --diag_wrap=off --display_error_number --abi=eabi --preproc_with_compile --preproc_dependency="main.d"  "../main.c"
'Finished building: ../main.c'
' '
'Building target: Blinky.out'
'Invoking: ARM Linker'
"C:/ti/ccsv6/tools/compiler/arm_15.12.3.LTS/bin/armcl" -mv7M4 --code_state=16 --float_support=FPv4SPD16 -me -g --gcc --define=ccs="ccs" --define=PART_TM4C1294NCPDT --diag_warning=225 --diag_wrap=off --display_error_number --abi=eabi -z -m"Blinky.map" --stack_size=512 --heap_size=0 -i"C:/ti/ccsv6/tools/compiler/arm_15.12.3.LTS/lib" -i"C:/ti/ccsv6/tools/compiler/arm_15.12.3.LTS/include" --reread_libs --warn_sections --diag_wrap=off --display_error_number --xml_link_info="Blinky_linkInfo.xml" --rom_model -o "Blinky.out" "./main.obj" "./tm4c1294ncpdt_startup_ccs.obj" "../tm4c1294ncpdt.cmd"  -llibc.a -l"C:/ti/TivaWare_C_Series-2.1.3.156/driverlib/ccs/Debug/driverlib.lib" 
<Linking>
'Finished building target: Blinky.out'
' '

**** Build Finished ****

**** Build of configuration Debug for project Blinky ****

"C:\\ti\\ccsv6\\utils\\bin\\gmake" -k all 
gmake: Nothing to be done for 'all'.

**** Build Finished ****

**** Build of configuration Debug for project Blinky ****

"C:\\ti\\ccsv6\\utils\\bin\\gmake" -k all 
'Building file: ../main.c'
'Invoking: ARM Compiler'
"C:/ti/ccsv6/tools/compiler/arm_15.12.3.LTS/bin/armcl" -mv7M4 --code_state=16 --float_support=FPv4SPD16 -me --include_path="C:/ti/ccsv6/tools/compiler/arm_15.12.3.LTS/include" --include_path="C:/ti/TivaWare_C_Series-2.1.3.156" -g --gcc --define=ccs="ccs" --define=PART_TM4C1294NCPDT --diag_warning=225 --diag_wrap=off --display_error_number --abi=eabi --preproc_with_compile --preproc_dependency="main.d"  "../main.c"
'Finished building: ../main.c'
' '
'Building target: Blinky.out'
'Invoking: ARM Linker'
"C:/ti/ccsv6/tools/compiler/arm_15.12.3.LTS/bin/armcl" -mv7M4 --code_state=16 --float_support=FPv4SPD16 -me -g --gcc --define=ccs="ccs" --define=PART_TM4C1294NCPDT --diag_warning=225 --diag_wrap=off --display_error_number --abi=eabi -z -m"Blinky.map" --stack_size=512 --heap_size=0 -i"C:/ti/ccsv6/tools/compiler/arm_15.12.3.LTS/lib" -i"C:/ti/ccsv6/tools/compiler/arm_15.12.3.LTS/include" --reread_libs --warn_sections --diag_wrap=off --display_error_number --xml_link_info="Blinky_linkInfo.xml" --rom_model -o "Blinky.out" "./main.obj" "./tm4c1294ncpdt_startup_ccs.obj" "../tm4c1294ncpdt.cmd"  -llibc.a -l"C:/ti/TivaWare_C_Series-2.1.3.156/driverlib/ccs/Debug/driverlib.lib" 
<Linking>
'Finished building target: Blinky.out'
' '

**** Build Finished ****

**** Build of configuration Debug for project Blinky ****

"C:\\ti\\ccsv6\\utils\\bin\\gmake" -k all 
gmake: Nothing to be done for 'all'.

**** Build Finished ****

**** Build of configuration Debug for project Blinky ****

"C:\\ti\\ccsv6\\utils\\bin\\gmake" -k all 
'Building file: ../main.c'
'Invoking: ARM Compiler'
"C:/ti/ccsv6/tools/compiler/arm_15.12.3.LTS/bin/armcl" -mv7M4 --code_state=16 --float_support=FPv4SPD16 -me --include_path="C:/ti/ccsv6/tools/compiler/arm_15.12.3.LTS/include" --include_path="C:/ti/TivaWare_C_Series-2.1.3.156" -g --gcc --define=ccs="ccs" --define=PART_TM4C1294NCPDT --diag_warning=225 --diag_wrap=off --display_error_number --abi=eabi --preproc_with_compile --preproc_dependency="main.d"  "../main.c"
'Finished building: ../main.c'
' '
'Building target: Blinky.out'
'Invoking: ARM Linker'
"C:/ti/ccsv6/tools/compiler/arm_15.12.3.LTS/bin/armcl" -mv7M4 --code_state=16 --float_support=FPv4SPD16 -me -g --gcc --define=ccs="ccs" --define=PART_TM4C1294NCPDT --diag_warning=225 --diag_wrap=off --display_error_number --abi=eabi -z -m"Blinky.map" --stack_size=512 --heap_size=0 -i"C:/ti/ccsv6/tools/compiler/arm_15.12.3.LTS/lib" -i"C:/ti/ccsv6/tools/compiler/arm_15.12.3.LTS/include" --reread_libs --warn_sections --diag_wrap=off --display_error_number --xml_link_info="Blinky_linkInfo.xml" --rom_model -o "Blinky.out" "./main.obj" "./tm4c1294ncpdt_startup_ccs.obj" "../tm4c1294ncpdt.cmd"  -llibc.a -l"C:/ti/TivaWare_C_Series-2.1.3.156/driverlib/ccs/Debug/driverlib.lib" 
<Linking>
'Finished building target: Blinky.out'
' '

**** Build Finished ****

**** Build of configuration Debug for project Blinky ****

"C:\\ti\\ccsv6\\utils\\bin\\gmake" -k all 
gmake: Nothing to be done for 'all'.

**** Build Finished ****

**** Build of configuration Debug for project DigitalInput ****

"C:\\ti\\ccsv6\\utils\\bin\\gmake" -k all 
'Building file: ../main.c'
'Invoking: ARM Compiler'
"C:/ti/ccsv6/tools/compiler/arm_15.12.3.LTS/bin/armcl" -mv7M4 --code_state=16 --float_support=FPv4SPD16 -me --include_path="C:/ti/ccsv6/tools/compiler/arm_15.12.3.LTS/include" --include_path="C:/ti/TivaWare_C_Series-2.1.3.156" -g --gcc --define=ccs="ccs" --define=PART_TM4C1294NCPDT --diag_warning=225 --diag_wrap=off --display_error_number --abi=eabi --preproc_with_compile --preproc_dependency="main.d"  "../main.c"
"../main.c", line 26: warning #179-D: variable "SW1" was declared but never referenced
'Finished building: ../main.c'
' '
'Building file: ../tm4c1294ncpdt_startup_ccs.c'
'Invoking: ARM Compiler'
"C:/ti/ccsv6/tools/compiler/arm_15.12.3.LTS/bin/armcl" -mv7M4 --code_state=16 --float_support=FPv4SPD16 -me --include_path="C:/ti/ccsv6/tools/compiler/arm_15.12.3.LTS/include" --include_path="C:/ti/TivaWare_C_Series-2.1.3.156" -g --gcc --define=ccs="ccs" --define=PART_TM4C1294NCPDT --diag_warning=225 --diag_wrap=off --display_error_number --abi=eabi --preproc_with_compile --preproc_dependency="tm4c1294ncpdt_startup_ccs.d"  "../tm4c1294ncpdt_startup_ccs.c"
'Finished building: ../tm4c1294ncpdt_startup_ccs.c'
' '
'Building target: DigitalInput.out'
'Invoking: ARM Linker'
"C:/ti/ccsv6/tools/compiler/arm_15.12.3.LTS/bin/armcl" -mv7M4 --code_state=16 --float_support=FPv4SPD16 -me -g --gcc --define=ccs="ccs" --define=PART_TM4C1294NCPDT --diag_warning=225 --diag_wrap=off --display_error_number --abi=eabi -z -m"DigitalInput.map" --stack_size=512 --heap_size=0 -i"C:/ti/ccsv6/tools/compiler/arm_15.12.3.LTS/lib" -i"C:/ti/ccsv6/tools/compiler/arm_15.12.3.LTS/include" --reread_libs --warn_sections --diag_wrap=off --display_error_number --xml_link_info="DigitalInput_linkInfo.xml" --rom_model -o "DigitalInput.out" "./main.obj" "./tm4c1294ncpdt_startup_ccs.obj" "../tm4c1294ncpdt.cmd"  -llibc.a -l"C:/ti/TivaWare_C_Series-2.1.3.156/driverlib/ccs/Debug/driverlib.lib" 
<Linking>
'Finished building target: DigitalInput.out'
' '

**** Build Finished ****

**** Build of configuration Debug for project DigitalInput ****

"C:\\ti\\ccsv6\\utils\\bin\\gmake" -k all 
'Building file: ../main.c'
'Invoking: ARM Compiler'
"C:/ti/ccsv6/tools/compiler/arm_15.12.3.LTS/bin/armcl" -mv7M4 --code_state=16 --float_support=FPv4SPD16 -me --include_path="C:/ti/ccsv6/tools/compiler/arm_15.12.3.LTS/include" --include_path="C:/ti/TivaWare_C_Series-2.1.3.156" -g --gcc --define=ccs="ccs" --define=PART_TM4C1294NCPDT --diag_warning=225 --diag_wrap=off --display_error_number --abi=eabi --preproc_with_compile --preproc_dependency="main.d"  "../main.c"
'Finished building: ../main.c'
' '
'Building target: DigitalInput.out'
'Invoking: ARM Linker'
"C:/ti/ccsv6/tools/compiler/arm_15.12.3.LTS/bin/armcl" -mv7M4 --code_state=16 --float_support=FPv4SPD16 -me -g --gcc --define=ccs="ccs" --define=PART_TM4C1294NCPDT --diag_warning=225 --diag_wrap=off --display_error_number --abi=eabi -z -m"DigitalInput.map" --stack_size=512 --heap_size=0 -i"C:/ti/ccsv6/tools/compiler/arm_15.12.3.LTS/lib" -i"C:/ti/ccsv6/tools/compiler/arm_15.12.3.LTS/include" --reread_libs --warn_sections --diag_wrap=off --display_error_number --xml_link_info="DigitalInput_linkInfo.xml" --rom_model -o "DigitalInput.out" "./main.obj" "./tm4c1294ncpdt_startup_ccs.obj" "../tm4c1294ncpdt.cmd"  -llibc.a -l"C:/ti/TivaWare_C_Series-2.1.3.156/driverlib/ccs/Debug/driverlib.lib" 
<Linking>
'Finished building target: DigitalInput.out'
' '

**** Build Finished ****

**** Build of configuration Debug for project BlinkLED_timer ****

"C:\\ti\\ccsv6\\utils\\bin\\gmake" -k all 
'Building file: ../main.c'
'Invoking: ARM Compiler'
"C:/ti/ccsv6/tools/compiler/arm_15.12.3.LTS/bin/armcl" -mv7M4 --code_state=16 --float_support=FPv4SPD16 -me --include_path="C:/ti/ccsv6/tools/compiler/arm_15.12.3.LTS/include" --include_path="C:/ti/TivaWare_C_Series-2.1.3.156" -g --gcc --define=ccs="ccs" --define=PART_TM4C1294NCPDT --diag_warning=225 --diag_wrap=off --display_error_number --abi=eabi --preproc_with_compile --preproc_dependency="main.d"  "../main.c"

>> Compilation failure
subdir_rules.mk:7: recipe for target 'main.obj' failed
"../main.c", line 56: error #20: identifier "uint_32t" is undefined
At end of source: error #68: expected a "}"
2 errors detected in the compilation of "../main.c".
gmake: *** [main.obj] Error 1
'Building file: ../tm4c1294ncpdt_startup_ccs.c'
'Invoking: ARM Compiler'
"C:/ti/ccsv6/tools/compiler/arm_15.12.3.LTS/bin/armcl" -mv7M4 --code_state=16 --float_support=FPv4SPD16 -me --include_path="C:/ti/ccsv6/tools/compiler/arm_15.12.3.LTS/include" --include_path="C:/ti/TivaWare_C_Series-2.1.3.156" -g --gcc --define=ccs="ccs" --define=PART_TM4C1294NCPDT --diag_warning=225 --diag_wrap=off --display_error_number --abi=eabi --preproc_with_compile --preproc_dependency="tm4c1294ncpdt_startup_ccs.d"  "../tm4c1294ncpdt_startup_ccs.c"
'Finished building: ../tm4c1294ncpdt_startup_ccs.c'
' '
gmake: Target 'all' not remade because of errors.

**** Build Finished ****

**** Build of configuration Debug for project Blinky ****

"C:\\ti\\ccsv6\\utils\\bin\\gmake" -k all 
gmake: Nothing to be done for 'all'.

**** Build Finished ****

**** Build of configuration Debug for project DigitalInput ****

"C:\\ti\\ccsv6\\utils\\bin\\gmake" -k all 
'Building file: ../main.c'
'Invoking: ARM Compiler'
"C:/ti/ccsv6/tools/compiler/arm_15.12.3.LTS/bin/armcl" -mv7M4 --code_state=16 --float_support=FPv4SPD16 -me --include_path="C:/ti/ccsv6/tools/compiler/arm_15.12.3.LTS/include" --include_path="C:/ti/TivaWare_C_Series-2.1.3.156" -g --gcc --define=ccs="ccs" --define=PART_TM4C1294NCPDT --diag_warning=225 --diag_wrap=off --display_error_number --abi=eabi --preproc_with_compile --preproc_dependency="main.d"  "../main.c"
'Finished building: ../main.c'
' '
'Building file: ../tm4c1294ncpdt_startup_ccs.c'
'Invoking: ARM Compiler'
"C:/ti/ccsv6/tools/compiler/arm_15.12.3.LTS/bin/armcl" -mv7M4 --code_state=16 --float_support=FPv4SPD16 -me --include_path="C:/ti/ccsv6/tools/compiler/arm_15.12.3.LTS/include" --include_path="C:/ti/TivaWare_C_Series-2.1.3.156" -g --gcc --define=ccs="ccs" --define=PART_TM4C1294NCPDT --diag_warning=225 --diag_wrap=off --display_error_number --abi=eabi --preproc_with_compile --preproc_dependency="tm4c1294ncpdt_startup_ccs.d"  "../tm4c1294ncpdt_startup_ccs.c"
'Finished building: ../tm4c1294ncpdt_startup_ccs.c'
' '
'Building target: DigitalInput.out'
'Invoking: ARM Linker'
"C:/ti/ccsv6/tools/compiler/arm_15.12.3.LTS/bin/armcl" -mv7M4 --code_state=16 --float_support=FPv4SPD16 -me -g --gcc --define=ccs="ccs" --define=PART_TM4C1294NCPDT --diag_warning=225 --diag_wrap=off --display_error_number --abi=eabi -z -m"DigitalInput.map" --stack_size=512 --heap_size=0 -i"C:/ti/ccsv6/tools/compiler/arm_15.12.3.LTS/lib" -i"C:/ti/ccsv6/tools/compiler/arm_15.12.3.LTS/include" --reread_libs --warn_sections --diag_wrap=off --display_error_number --xml_link_info="DigitalInput_linkInfo.xml" --rom_model -o "DigitalInput.out" "./main.obj" "./tm4c1294ncpdt_startup_ccs.obj" "../tm4c1294ncpdt.cmd"  -llibc.a -l"C:/ti/TivaWare_C_Series-2.1.3.156/driverlib/ccs/Debug/driverlib.lib" 
<Linking>

 undefined        first referenced               
  symbol              in file                    
 ---------        ----------------               
 Timer0IntHandler ./tm4c1294ncpdt_startup_ccs.obj


>> Compilation failure
makefile:142: recipe for target 'DigitalInput.out' failed
error #10234-D: unresolved symbols remain
error #10010: errors encountered during linking; "DigitalInput.out" not built
gmake: *** [DigitalInput.out] Error 1
gmake: Target 'all' not remade because of errors.

**** Build Finished ****

**** Build of configuration Debug for project BlinkLED_timer ****

"C:\\ti\\ccsv6\\utils\\bin\\gmake" -k all 
'Building file: ../main.c'
'Invoking: ARM Compiler'
"C:/ti/ccsv6/tools/compiler/arm_15.12.3.LTS/bin/armcl" -mv7M4 --code_state=16 --float_support=FPv4SPD16 -me --include_path="C:/ti/ccsv6/tools/compiler/arm_15.12.3.LTS/include" --include_path="C:/ti/TivaWare_C_Series-2.1.3.156" -g --gcc --define=ccs="ccs" --define=PART_TM4C1294NCPDT --diag_warning=225 --diag_wrap=off --display_error_number --abi=eabi --preproc_with_compile --preproc_dependency="main.d"  "../main.c"
'Finished building: ../main.c'
' '
'Building target: BlinkLED_timer.out'
'Invoking: ARM Linker'
"C:/ti/ccsv6/tools/compiler/arm_15.12.3.LTS/bin/armcl" -mv7M4 --code_state=16 --float_support=FPv4SPD16 -me -g --gcc --define=ccs="ccs" --define=PART_TM4C1294NCPDT --diag_warning=225 --diag_wrap=off --display_error_number --abi=eabi -z -m"BlinkLED_timer.map" --stack_size=512 --heap_size=0 -i"C:/ti/ccsv6/tools/compiler/arm_15.12.3.LTS/lib" -i"C:/ti/ccsv6/tools/compiler/arm_15.12.3.LTS/include" --reread_libs --warn_sections --diag_wrap=off --display_error_number --xml_link_info="BlinkLED_timer_linkInfo.xml" --rom_model -o "BlinkLED_timer.out" "./main.obj" "./tm4c1294ncpdt_startup_ccs.obj" "../tm4c1294ncpdt.cmd"  -llibc.a -l"C:/ti/TivaWare_C_Series-2.1.3.156/driverlib/ccs/Debug/driverlib.lib" 
<Linking>
'Finished building target: BlinkLED_timer.out'
' '

**** Build Finished ****

**** Build of configuration Debug for project Blinky ****

"C:\\ti\\ccsv6\\utils\\bin\\gmake" -k all 
gmake: Nothing to be done for 'all'.

**** Build Finished ****

**** Build of configuration Debug for project DigitalInput ****

"C:\\ti\\ccsv6\\utils\\bin\\gmake" -k all 
'Building target: DigitalInput.out'
'Invoking: ARM Linker'
"C:/ti/ccsv6/tools/compiler/arm_15.12.3.LTS/bin/armcl" -mv7M4 --code_state=16 --float_support=FPv4SPD16 -me -g --gcc --define=ccs="ccs" --define=PART_TM4C1294NCPDT --diag_warning=225 --diag_wrap=off --display_error_number --abi=eabi -z -m"DigitalInput.map" --stack_size=512 --heap_size=0 -i"C:/ti/ccsv6/tools/compiler/arm_15.12.3.LTS/lib" -i"C:/ti/ccsv6/tools/compiler/arm_15.12.3.LTS/include" --reread_libs --warn_sections --diag_wrap=off --display_error_number --xml_link_info="DigitalInput_linkInfo.xml" --rom_model -o "DigitalInput.out" "./main.obj" "./tm4c1294ncpdt_startup_ccs.obj" "../tm4c1294ncpdt.cmd"  -llibc.a -l"C:/ti/TivaWare_C_Series-2.1.3.156/driverlib/ccs/Debug/driverlib.lib" 
<Linking>

 undefined        first referenced               
  symbol              in file                    
 ---------        ----------------               
 Timer0IntHandler ./tm4c1294ncpdt_startup_ccs.obj

error #10234-D: unresolved symbols remain

error #10010: errors encountered during linking; "DigitalInput.out" not built
>> Compilation failure
makefile:142: recipe for target 'DigitalInput.out' failed
gmake: *** [DigitalInput.out] Error 1
gmake: Target 'all' not remade because of errors.

**** Build Finished ****

**** Build of configuration Debug for project BlinkLED_timer ****

"C:\\ti\\ccsv6\\utils\\bin\\gmake" -k all 
gmake: Nothing to be done for 'all'.

**** Build Finished ****

**** Build of configuration Debug for project BlinkLED_timer ****

"C:\\ti\\ccsv6\\utils\\bin\\gmake" -k all 
'Building file: ../main.c'
'Invoking: ARM Compiler'
"C:/ti/ccsv6/tools/compiler/arm_15.12.3.LTS/bin/armcl" -mv7M4 --code_state=16 --float_support=FPv4SPD16 -me --include_path="C:/ti/ccsv6/tools/compiler/arm_15.12.3.LTS/include" --include_path="C:/ti/TivaWare_C_Series-2.1.3.156" -g --gcc --define=ccs="ccs" --define=PART_TM4C1294NCPDT --diag_warning=225 --diag_wrap=off --display_error_number --abi=eabi --preproc_with_compile --preproc_dependency="main.d"  "../main.c"
'Finished building: ../main.c'
' '
'Building target: BlinkLED_timer.out'
'Invoking: ARM Linker'
"C:/ti/ccsv6/tools/compiler/arm_15.12.3.LTS/bin/armcl" -mv7M4 --code_state=16 --float_support=FPv4SPD16 -me -g --gcc --define=ccs="ccs" --define=PART_TM4C1294NCPDT --diag_warning=225 --diag_wrap=off --display_error_number --abi=eabi -z -m"BlinkLED_timer.map" --stack_size=512 --heap_size=0 -i"C:/ti/ccsv6/tools/compiler/arm_15.12.3.LTS/lib" -i"C:/ti/ccsv6/tools/compiler/arm_15.12.3.LTS/include" --reread_libs --warn_sections --diag_wrap=off --display_error_number --xml_link_info="BlinkLED_timer_linkInfo.xml" --rom_model -o "BlinkLED_timer.out" "./main.obj" "./tm4c1294ncpdt_startup_ccs.obj" "../tm4c1294ncpdt.cmd"  -llibc.a -l"C:/ti/TivaWare_C_Series-2.1.3.156/driverlib/ccs/Debug/driverlib.lib" 
<Linking>
'Finished building target: BlinkLED_timer.out'
' '

**** Build Finished ****

**** Build of configuration Debug for project Blinky ****

"C:\\ti\\ccsv6\\utils\\bin\\gmake" -k all 
gmake: Nothing to be done for 'all'.

**** Build Finished ****

**** Build of configuration Debug for project DigitalInput ****

"C:\\ti\\ccsv6\\utils\\bin\\gmake" -k all 
'Building target: DigitalInput.out'
'Invoking: ARM Linker'
"C:/ti/ccsv6/tools/compiler/arm_15.12.3.LTS/bin/armcl" -mv7M4 --code_state=16 --float_support=FPv4SPD16 -me -g --gcc --define=ccs="ccs" --define=PART_TM4C1294NCPDT --diag_warning=225 --diag_wrap=off --display_error_number --abi=eabi -z -m"DigitalInput.map" --stack_size=512 --heap_size=0 -i"C:/ti/ccsv6/tools/compiler/arm_15.12.3.LTS/lib" -i"C:/ti/ccsv6/tools/compiler/arm_15.12.3.LTS/include" --reread_libs --warn_sections --diag_wrap=off --display_error_number --xml_link_info="DigitalInput_linkInfo.xml" --rom_model -o "DigitalInput.out" "./main.obj" "./tm4c1294ncpdt_startup_ccs.obj" "../tm4c1294ncpdt.cmd"  -llibc.a -l"C:/ti/TivaWare_C_Series-2.1.3.156/driverlib/ccs/Debug/driverlib.lib" 
<Linking>

 undefined        first referenced               
  symbol              in file                    
 ---------        ----------------               
 Timer0IntHandler ./tm4c1294ncpdt_startup_ccs.obj

error #10234-D: unresolved symbols remain

error #10010: errors encountered during linking; "DigitalInput.out" not built
>> Compilation failure
makefile:142: recipe for target 'DigitalInput.out' failed
gmake: *** [DigitalInput.out] Error 1
gmake: Target 'all' not remade because of errors.

**** Build Finished ****

**** Build of configuration Debug for project BlinkLED_timer ****

"C:\\ti\\ccsv6\\utils\\bin\\gmake" -k all 
gmake: Nothing to be done for 'all'.

**** Build Finished ****

**** Build of configuration Debug for project BlinkLED_timer ****

"C:\\ti\\ccsv6\\utils\\bin\\gmake" -k all 
'Building file: ../main.c'
'Invoking: ARM Compiler'
"C:/ti/ccsv6/tools/compiler/arm_15.12.3.LTS/bin/armcl" -mv7M4 --code_state=16 --float_support=FPv4SPD16 -me --include_path="C:/ti/ccsv6/tools/compiler/arm_15.12.3.LTS/include" --include_path="C:/ti/TivaWare_C_Series-2.1.3.156" -g --gcc --define=ccs="ccs" --define=PART_TM4C1294NCPDT --diag_warning=225 --diag_wrap=off --display_error_number --abi=eabi --preproc_with_compile --preproc_dependency="main.d"  "../main.c"
'Finished building: ../main.c'
' '
'Building target: BlinkLED_timer.out'
'Invoking: ARM Linker'
"C:/ti/ccsv6/tools/compiler/arm_15.12.3.LTS/bin/armcl" -mv7M4 --code_state=16 --float_support=FPv4SPD16 -me -g --gcc --define=ccs="ccs" --define=PART_TM4C1294NCPDT --diag_warning=225 --diag_wrap=off --display_error_number --abi=eabi -z -m"BlinkLED_timer.map" --stack_size=512 --heap_size=0 -i"C:/ti/ccsv6/tools/compiler/arm_15.12.3.LTS/lib" -i"C:/ti/ccsv6/tools/compiler/arm_15.12.3.LTS/include" --reread_libs --warn_sections --diag_wrap=off --display_error_number --xml_link_info="BlinkLED_timer_linkInfo.xml" --rom_model -o "BlinkLED_timer.out" "./main.obj" "./tm4c1294ncpdt_startup_ccs.obj" "../tm4c1294ncpdt.cmd"  -llibc.a -l"C:/ti/TivaWare_C_Series-2.1.3.156/driverlib/ccs/Debug/driverlib.lib" 
<Linking>
'Finished building target: BlinkLED_timer.out'
' '

**** Build Finished ****

**** Build of configuration Debug for project Blinky ****

"C:\\ti\\ccsv6\\utils\\bin\\gmake" -k all 
gmake: Nothing to be done for 'all'.

**** Build Finished ****

**** Build of configuration Debug for project DigitalInput ****

"C:\\ti\\ccsv6\\utils\\bin\\gmake" -k all 
'Building target: DigitalInput.out'
'Invoking: ARM Linker'
"C:/ti/ccsv6/tools/compiler/arm_15.12.3.LTS/bin/armcl" -mv7M4 --code_state=16 --float_support=FPv4SPD16 -me -g --gcc --define=ccs="ccs" --define=PART_TM4C1294NCPDT --diag_warning=225 --diag_wrap=off --display_error_number --abi=eabi -z -m"DigitalInput.map" --stack_size=512 --heap_size=0 -i"C:/ti/ccsv6/tools/compiler/arm_15.12.3.LTS/lib" -i"C:/ti/ccsv6/tools/compiler/arm_15.12.3.LTS/include" --reread_libs --warn_sections --diag_wrap=off --display_error_number --xml_link_info="DigitalInput_linkInfo.xml" --rom_model -o "DigitalInput.out" "./main.obj" "./tm4c1294ncpdt_startup_ccs.obj" "../tm4c1294ncpdt.cmd"  -llibc.a -l"C:/ti/TivaWare_C_Series-2.1.3.156/driverlib/ccs/Debug/driverlib.lib" 
<Linking>

 undefined        first referenced               
  symbol              in file                    
 ---------        ----------------               
 Timer0IntHandler ./tm4c1294ncpdt_startup_ccs.obj

error #10234-D: unresolved symbols remain

error #10010: errors encountered during linking; "DigitalInput.out" not built
>> Compilation failure
makefile:142: recipe for target 'DigitalInput.out' failed
gmake: *** [DigitalInput.out] Error 1
gmake: Target 'all' not remade because of errors.

**** Build Finished ****

**** Build of configuration Debug for project BlinkLED_timer ****

"C:\\ti\\ccsv6\\utils\\bin\\gmake" -k all 
gmake: Nothing to be done for 'all'.

**** Build Finished ****

**** Build of configuration Debug for project BlinkLED_timer ****

"C:\\ti\\ccsv6\\utils\\bin\\gmake" -k all 
'Building file: ../main.c'
'Invoking: ARM Compiler'
"C:/ti/ccsv6/tools/compiler/arm_15.12.3.LTS/bin/armcl" -mv7M4 --code_state=16 --float_support=FPv4SPD16 -me --include_path="C:/ti/ccsv6/tools/compiler/arm_15.12.3.LTS/include" --include_path="C:/ti/TivaWare_C_Series-2.1.3.156" -g --gcc --define=ccs="ccs" --define=PART_TM4C1294NCPDT --diag_warning=225 --diag_wrap=off --display_error_number --abi=eabi --preproc_with_compile --preproc_dependency="main.d"  "../main.c"
'Finished building: ../main.c'
' '
'Building target: BlinkLED_timer.out'
'Invoking: ARM Linker'
"C:/ti/ccsv6/tools/compiler/arm_15.12.3.LTS/bin/armcl" -mv7M4 --code_state=16 --float_support=FPv4SPD16 -me -g --gcc --define=ccs="ccs" --define=PART_TM4C1294NCPDT --diag_warning=225 --diag_wrap=off --display_error_number --abi=eabi -z -m"BlinkLED_timer.map" --stack_size=512 --heap_size=0 -i"C:/ti/ccsv6/tools/compiler/arm_15.12.3.LTS/lib" -i"C:/ti/ccsv6/tools/compiler/arm_15.12.3.LTS/include" --reread_libs --warn_sections --diag_wrap=off --display_error_number --xml_link_info="BlinkLED_timer_linkInfo.xml" --rom_model -o "BlinkLED_timer.out" "./main.obj" "./tm4c1294ncpdt_startup_ccs.obj" "../tm4c1294ncpdt.cmd"  -llibc.a -l"C:/ti/TivaWare_C_Series-2.1.3.156/driverlib/ccs/Debug/driverlib.lib" 
<Linking>
'Finished building target: BlinkLED_timer.out'
' '

**** Build Finished ****

**** Build of configuration Debug for project Blinky ****

"C:\\ti\\ccsv6\\utils\\bin\\gmake" -k all 
gmake: Nothing to be done for 'all'.

**** Build Finished ****

**** Build of configuration Debug for project DigitalInput ****

"C:\\ti\\ccsv6\\utils\\bin\\gmake" -k all 
'Building file: ../tm4c1294ncpdt_startup_ccs.c'
'Invoking: ARM Compiler'
"C:/ti/ccsv6/tools/compiler/arm_15.12.3.LTS/bin/armcl" -mv7M4 --code_state=16 --float_support=FPv4SPD16 -me --include_path="C:/ti/ccsv6/tools/compiler/arm_15.12.3.LTS/include" --include_path="C:/ti/TivaWare_C_Series-2.1.3.156" -g --gcc --define=ccs="ccs" --define=PART_TM4C1294NCPDT --diag_warning=225 --diag_wrap=off --display_error_number --abi=eabi --preproc_with_compile --preproc_dependency="tm4c1294ncpdt_startup_ccs.d"  "../tm4c1294ncpdt_startup_ccs.c"
'Finished building: ../tm4c1294ncpdt_startup_ccs.c'
' '
'Building target: DigitalInput.out'
'Invoking: ARM Linker'
"C:/ti/ccsv6/tools/compiler/arm_15.12.3.LTS/bin/armcl" -mv7M4 --code_state=16 --float_support=FPv4SPD16 -me -g --gcc --define=ccs="ccs" --define=PART_TM4C1294NCPDT --diag_warning=225 --diag_wrap=off --display_error_number --abi=eabi -z -m"DigitalInput.map" --stack_size=512 --heap_size=0 -i"C:/ti/ccsv6/tools/compiler/arm_15.12.3.LTS/lib" -i"C:/ti/ccsv6/tools/compiler/arm_15.12.3.LTS/include" --reread_libs --warn_sections --diag_wrap=off --display_error_number --xml_link_info="DigitalInput_linkInfo.xml" --rom_model -o "DigitalInput.out" "./main.obj" "./tm4c1294ncpdt_startup_ccs.obj" "../tm4c1294ncpdt.cmd"  -llibc.a -l"C:/ti/TivaWare_C_Series-2.1.3.156/driverlib/ccs/Debug/driverlib.lib" 
<Linking>
'Finished building target: DigitalInput.out'
' '

**** Build Finished ****

**** Build of configuration Debug for project BlinkLED_timer ****

"C:\\ti\\ccsv6\\utils\\bin\\gmake" -k all 
gmake: Nothing to be done for 'all'.

**** Build Finished ****

**** Build of configuration Debug for project BlinkLED_timer ****

"C:\\ti\\ccsv6\\utils\\bin\\gmake" -k all 
'Building file: ../main.c'
'Invoking: ARM Compiler'
"C:/ti/ccsv6/tools/compiler/arm_15.12.3.LTS/bin/armcl" -mv7M4 --code_state=16 --float_support=FPv4SPD16 -me --include_path="C:/ti/ccsv6/tools/compiler/arm_15.12.3.LTS/include" --include_path="C:/ti/TivaWare_C_Series-2.1.3.156" -g --gcc --define=ccs="ccs" --define=PART_TM4C1294NCPDT --diag_warning=225 --diag_wrap=off --display_error_number --abi=eabi --preproc_with_compile --preproc_dependency="main.d"  "../main.c"
'Finished building: ../main.c'
' '
'Building file: ../tm4c1294ncpdt_startup_ccs.c'
'Invoking: ARM Compiler'
"C:/ti/ccsv6/tools/compiler/arm_15.12.3.LTS/bin/armcl" -mv7M4 --code_state=16 --float_support=FPv4SPD16 -me --include_path="C:/ti/ccsv6/tools/compiler/arm_15.12.3.LTS/include" --include_path="C:/ti/TivaWare_C_Series-2.1.3.156" -g --gcc --define=ccs="ccs" --define=PART_TM4C1294NCPDT --diag_warning=225 --diag_wrap=off --display_error_number --abi=eabi --preproc_with_compile --preproc_dependency="tm4c1294ncpdt_startup_ccs.d"  "../tm4c1294ncpdt_startup_ccs.c"

>> Compilation failure
subdir_rules.mk:14: recipe for target 'tm4c1294ncpdt_startup_ccs.obj' failed
"../tm4c1294ncpdt_startup_ccs.c", line 44: error #131: expected a "{"
"../tm4c1294ncpdt_startup_ccs.c", line 69: warning #12-D: parsing restarts here after previous syntax error
"../tm4c1294ncpdt_startup_ccs.c", line 70: error #20: identifier "__STACK_TOP" is undefined
"../tm4c1294ncpdt_startup_ccs.c", line 201: error #29: expected an expression
"../tm4c1294ncpdt_startup_ccs.c", line 201: error #66: expected a ";"
"../tm4c1294ncpdt_startup_ccs.c", line 67: warning #837-D: pragma can only be applied to a file level symbol, not 'g_pfnVectors'
4 errors detected in the compilation of "../tm4c1294ncpdt_startup_ccs.c".
gmake: *** [tm4c1294ncpdt_startup_ccs.obj] Error 1
gmake: Target 'all' not remade because of errors.

**** Build Finished ****

**** Build of configuration Debug for project BlinkLED_timer ****

"C:\\ti\\ccsv6\\utils\\bin\\gmake" -k all 
'Building file: ../tm4c1294ncpdt_startup_ccs.c'
'Invoking: ARM Compiler'
"C:/ti/ccsv6/tools/compiler/arm_15.12.3.LTS/bin/armcl" -mv7M4 --code_state=16 --float_support=FPv4SPD16 -me --include_path="C:/ti/ccsv6/tools/compiler/arm_15.12.3.LTS/include" --include_path="C:/ti/TivaWare_C_Series-2.1.3.156" -g --gcc --define=ccs="ccs" --define=PART_TM4C1294NCPDT --diag_warning=225 --diag_wrap=off --display_error_number --abi=eabi --preproc_with_compile --preproc_dependency="tm4c1294ncpdt_startup_ccs.d"  "../tm4c1294ncpdt_startup_ccs.c"

>> Compilation failure
subdir_rules.mk:14: recipe for target 'tm4c1294ncpdt_startup_ccs.obj' failed
"../tm4c1294ncpdt_startup_ccs.c", line 44: error #131: expected a "{"
"../tm4c1294ncpdt_startup_ccs.c", line 69: warning #12-D: parsing restarts here after previous syntax error
"../tm4c1294ncpdt_startup_ccs.c", line 70: error #20: identifier "__STACK_TOP" is undefined
"../tm4c1294ncpdt_startup_ccs.c", line 201: error #29: expected an expression
"../tm4c1294ncpdt_startup_ccs.c", line 201: error #66: expected a ";"
"../tm4c1294ncpdt_startup_ccs.c", line 67: warning #837-D: pragma can only be applied to a file level symbol, not 'g_pfnVectors'
4 errors detected in the compilation of "../tm4c1294ncpdt_startup_ccs.c".
gmake: *** [tm4c1294ncpdt_startup_ccs.obj] Error 1
gmake: Target 'all' not remade because of errors.

**** Build Finished ****

**** Build of configuration Debug for project Blinky ****

"C:\\ti\\ccsv6\\utils\\bin\\gmake" -k all 
gmake: Nothing to be done for 'all'.

**** Build Finished ****

**** Build of configuration Debug for project DigitalInput ****

"C:\\ti\\ccsv6\\utils\\bin\\gmake" -k all 
gmake: Nothing to be done for 'all'.

**** Build Finished ****

**** Build of configuration Debug for project BlinkLED_timer ****

"C:\\ti\\ccsv6\\utils\\bin\\gmake" -k all 
'Building file: ../tm4c1294ncpdt_startup_ccs.c'
'Invoking: ARM Compiler'
"C:/ti/ccsv6/tools/compiler/arm_15.12.3.LTS/bin/armcl" -mv7M4 --code_state=16 --float_support=FPv4SPD16 -me --include_path="C:/ti/ccsv6/tools/compiler/arm_15.12.3.LTS/include" --include_path="C:/ti/TivaWare_C_Series-2.1.3.156" -g --gcc --define=ccs="ccs" --define=PART_TM4C1294NCPDT --diag_warning=225 --diag_wrap=off --display_error_number --abi=eabi --preproc_with_compile --preproc_dependency="tm4c1294ncpdt_startup_ccs.d"  "../tm4c1294ncpdt_startup_ccs.c"

>> Compilation failure
subdir_rules.mk:14: recipe for target 'tm4c1294ncpdt_startup_ccs.obj' failed
"../tm4c1294ncpdt_startup_ccs.c", line 44: error #131: expected a "{"
"../tm4c1294ncpdt_startup_ccs.c", line 69: warning #12-D: parsing restarts here after previous syntax error
"../tm4c1294ncpdt_startup_ccs.c", line 70: error #20: identifier "__STACK_TOP" is undefined
"../tm4c1294ncpdt_startup_ccs.c", line 201: error #29: expected an expression
"../tm4c1294ncpdt_startup_ccs.c", line 201: error #66: expected a ";"
"../tm4c1294ncpdt_startup_ccs.c", line 67: warning #837-D: pragma can only be applied to a file level symbol, not 'g_pfnVectors'
4 errors detected in the compilation of "../tm4c1294ncpdt_startup_ccs.c".
gmake: *** [tm4c1294ncpdt_startup_ccs.obj] Error 1
gmake: Target 'all' not remade because of errors.

**** Build Finished ****

**** Build of configuration Debug for project BlinkLED_timer ****

"C:\\ti\\ccsv6\\utils\\bin\\gmake" -k all 
'Building file: ../tm4c1294ncpdt_startup_ccs.c'
'Invoking: ARM Compiler'
"C:/ti/ccsv6/tools/compiler/arm_15.12.3.LTS/bin/armcl" -mv7M4 --code_state=16 --float_support=FPv4SPD16 -me --include_path="C:/ti/ccsv6/tools/compiler/arm_15.12.3.LTS/include" --include_path="C:/ti/TivaWare_C_Series-2.1.3.156" -g --gcc --define=ccs="ccs" --define=PART_TM4C1294NCPDT --diag_warning=225 --diag_wrap=off --display_error_number --abi=eabi --preproc_with_compile --preproc_dependency="tm4c1294ncpdt_startup_ccs.d"  "../tm4c1294ncpdt_startup_ccs.c"
'Finished building: ../tm4c1294ncpdt_startup_ccs.c'
' '
'Building target: BlinkLED_timer.out'
'Invoking: ARM Linker'
"C:/ti/ccsv6/tools/compiler/arm_15.12.3.LTS/bin/armcl" -mv7M4 --code_state=16 --float_support=FPv4SPD16 -me -g --gcc --define=ccs="ccs" --define=PART_TM4C1294NCPDT --diag_warning=225 --diag_wrap=off --display_error_number --abi=eabi -z -m"BlinkLED_timer.map" --stack_size=512 --heap_size=0 -i"C:/ti/ccsv6/tools/compiler/arm_15.12.3.LTS/lib" -i"C:/ti/ccsv6/tools/compiler/arm_15.12.3.LTS/include" --reread_libs --warn_sections --diag_wrap=off --display_error_number --xml_link_info="BlinkLED_timer_linkInfo.xml" --rom_model -o "BlinkLED_timer.out" "./main.obj" "./tm4c1294ncpdt_startup_ccs.obj" "../tm4c1294ncpdt.cmd"  -llibc.a -l"C:/ti/TivaWare_C_Series-2.1.3.156/driverlib/ccs/Debug/driverlib.lib" 
<Linking>
'Finished building target: BlinkLED_timer.out'
' '

**** Build Finished ****

**** Build of configuration Debug for project Blinky ****

"C:\\ti\\ccsv6\\utils\\bin\\gmake" -k all 
gmake: Nothing to be done for 'all'.

**** Build Finished ****

**** Build of configuration Debug for project DigitalInput ****

"C:\\ti\\ccsv6\\utils\\bin\\gmake" -k all 
gmake: Nothing to be done for 'all'.

**** Build Finished ****

**** Build of configuration Debug for project BlinkLED_timer ****

"C:\\ti\\ccsv6\\utils\\bin\\gmake" -k all 
gmake: Nothing to be done for 'all'.

**** Build Finished ****

**** Build of configuration Debug for project BlinkLED_timer ****

"C:\\ti\\ccsv6\\utils\\bin\\gmake" -k all 
'Building file: ../main.c'
'Invoking: ARM Compiler'
"C:/ti/ccsv6/tools/compiler/arm_15.12.3.LTS/bin/armcl" -mv7M4 --code_state=16 --float_support=FPv4SPD16 -me --include_path="C:/ti/ccsv6/tools/compiler/arm_15.12.3.LTS/include" --include_path="C:/ti/TivaWare_C_Series-2.1.3.156" -g --gcc --define=ccs="ccs" --define=PART_TM4C1294NCPDT --diag_warning=225 --diag_wrap=off --display_error_number --abi=eabi --preproc_with_compile --preproc_dependency="main.d"  "../main.c"
'Finished building: ../main.c'
' '
'Building target: BlinkLED_timer.out'
'Invoking: ARM Linker'
"C:/ti/ccsv6/tools/compiler/arm_15.12.3.LTS/bin/armcl" -mv7M4 --code_state=16 --float_support=FPv4SPD16 -me -g --gcc --define=ccs="ccs" --define=PART_TM4C1294NCPDT --diag_warning=225 --diag_wrap=off --display_error_number --abi=eabi -z -m"BlinkLED_timer.map" --stack_size=512 --heap_size=0 -i"C:/ti/ccsv6/tools/compiler/arm_15.12.3.LTS/lib" -i"C:/ti/ccsv6/tools/compiler/arm_15.12.3.LTS/include" --reread_libs --warn_sections --diag_wrap=off --display_error_number --xml_link_info="BlinkLED_timer_linkInfo.xml" --rom_model -o "BlinkLED_timer.out" "./main.obj" "./tm4c1294ncpdt_startup_ccs.obj" "../tm4c1294ncpdt.cmd"  -llibc.a -l"C:/ti/TivaWare_C_Series-2.1.3.156/driverlib/ccs/Debug/driverlib.lib" 
<Linking>
'Finished building target: BlinkLED_timer.out'
' '

**** Build Finished ****

**** Build of configuration Debug for project Blinky ****

"C:\\ti\\ccsv6\\utils\\bin\\gmake" -k all 
gmake: Nothing to be done for 'all'.

**** Build Finished ****

**** Build of configuration Debug for project DigitalInput ****

"C:\\ti\\ccsv6\\utils\\bin\\gmake" -k all 
gmake: Nothing to be done for 'all'.

**** Build Finished ****

**** Build of configuration Debug for project BlinkLED_timer ****

"C:\\ti\\ccsv6\\utils\\bin\\gmake" -k all 
gmake: Nothing to be done for 'all'.

**** Build Finished ****

**** Build of configuration Debug for project BlinkLED_timer ****

"C:\\ti\\ccsv6\\utils\\bin\\gmake" -k all 
'Building file: ../main.c'
'Invoking: ARM Compiler'
"C:/ti/ccsv6/tools/compiler/arm_15.12.3.LTS/bin/armcl" -mv7M4 --code_state=16 --float_support=FPv4SPD16 -me --include_path="C:/ti/ccsv6/tools/compiler/arm_15.12.3.LTS/include" --include_path="C:/ti/TivaWare_C_Series-2.1.3.156" -g --gcc --define=ccs="ccs" --define=PART_TM4C1294NCPDT --diag_warning=225 --diag_wrap=off --display_error_number --abi=eabi --preproc_with_compile --preproc_dependency="main.d"  "../main.c"
'Finished building: ../main.c'
' '
'Building target: BlinkLED_timer.out'
'Invoking: ARM Linker'
"C:/ti/ccsv6/tools/compiler/arm_15.12.3.LTS/bin/armcl" -mv7M4 --code_state=16 --float_support=FPv4SPD16 -me -g --gcc --define=ccs="ccs" --define=PART_TM4C1294NCPDT --diag_warning=225 --diag_wrap=off --display_error_number --abi=eabi -z -m"BlinkLED_timer.map" --stack_size=512 --heap_size=0 -i"C:/ti/ccsv6/tools/compiler/arm_15.12.3.LTS/lib" -i"C:/ti/ccsv6/tools/compiler/arm_15.12.3.LTS/include" --reread_libs --warn_sections --diag_wrap=off --display_error_number --xml_link_info="BlinkLED_timer_linkInfo.xml" --rom_model -o "BlinkLED_timer.out" "./main.obj" "./tm4c1294ncpdt_startup_ccs.obj" "../tm4c1294ncpdt.cmd"  -llibc.a -l"C:/ti/TivaWare_C_Series-2.1.3.156/driverlib/ccs/Debug/driverlib.lib" 
<Linking>
'Finished building target: BlinkLED_timer.out'
' '

**** Build Finished ****

**** Build of configuration Debug for project Blinky ****

"C:\\ti\\ccsv6\\utils\\bin\\gmake" -k all 
gmake: Nothing to be done for 'all'.

**** Build Finished ****

**** Build of configuration Debug for project DigitalInput ****

"C:\\ti\\ccsv6\\utils\\bin\\gmake" -k all 
gmake: Nothing to be done for 'all'.

**** Build Finished ****

**** Build of configuration Debug for project BlinkLED_timer ****

"C:\\ti\\ccsv6\\utils\\bin\\gmake" -k all 
gmake: Nothing to be done for 'all'.

**** Build Finished ****

**** Build of configuration Debug for project BlinkLED_timer ****

"C:\\ti\\ccsv6\\utils\\bin\\gmake" -k all 
'Building file: ../main.c'
'Invoking: ARM Compiler'
"C:/ti/ccsv6/tools/compiler/arm_15.12.3.LTS/bin/armcl" -mv7M4 --code_state=16 --float_support=FPv4SPD16 -me --include_path="C:/ti/ccsv6/tools/compiler/arm_15.12.3.LTS/include" --include_path="C:/ti/TivaWare_C_Series-2.1.3.156" -g --gcc --define=ccs="ccs" --define=PART_TM4C1294NCPDT --diag_warning=225 --diag_wrap=off --display_error_number --abi=eabi --preproc_with_compile --preproc_dependency="main.d"  "../main.c"
'Finished building: ../main.c'
' '
'Building target: BlinkLED_timer.out'
'Invoking: ARM Linker'
"C:/ti/ccsv6/tools/compiler/arm_15.12.3.LTS/bin/armcl" -mv7M4 --code_state=16 --float_support=FPv4SPD16 -me -g --gcc --define=ccs="ccs" --define=PART_TM4C1294NCPDT --diag_warning=225 --diag_wrap=off --display_error_number --abi=eabi -z -m"BlinkLED_timer.map" --stack_size=512 --heap_size=0 -i"C:/ti/ccsv6/tools/compiler/arm_15.12.3.LTS/lib" -i"C:/ti/ccsv6/tools/compiler/arm_15.12.3.LTS/include" --reread_libs --warn_sections --diag_wrap=off --display_error_number --xml_link_info="BlinkLED_timer_linkInfo.xml" --rom_model -o "BlinkLED_timer.out" "./main.obj" "./tm4c1294ncpdt_startup_ccs.obj" "../tm4c1294ncpdt.cmd"  -llibc.a -l"C:/ti/TivaWare_C_Series-2.1.3.156/driverlib/ccs/Debug/driverlib.lib" 
<Linking>
'Finished building target: BlinkLED_timer.out'
' '

**** Build Finished ****

**** Build of configuration Debug for project Blinky ****

"C:\\ti\\ccsv6\\utils\\bin\\gmake" -k all 
gmake: Nothing to be done for 'all'.

**** Build Finished ****

**** Build of configuration Debug for project DigitalInput ****

"C:\\ti\\ccsv6\\utils\\bin\\gmake" -k all 
gmake: Nothing to be done for 'all'.

**** Build Finished ****

**** Build of configuration Debug for project BlinkLED_timer ****

"C:\\ti\\ccsv6\\utils\\bin\\gmake" -k all 
'Building file: ../main.c'
'Invoking: ARM Compiler'
"C:/ti/ccsv6/tools/compiler/arm_15.12.3.LTS/bin/armcl" -mv7M4 --code_state=16 --float_support=FPv4SPD16 -me --include_path="C:/ti/ccsv6/tools/compiler/arm_15.12.3.LTS/include" --include_path="C:/ti/TivaWare_C_Series-2.1.3.156" -g --gcc --define=ccs="ccs" --define=PART_TM4C1294NCPDT --diag_warning=225 --diag_wrap=off --display_error_number --abi=eabi --preproc_with_compile --preproc_dependency="main.d"  "../main.c"
'Finished building: ../main.c'
' '
'Building file: ../tm4c1294ncpdt_startup_ccs.c'
'Invoking: ARM Compiler'
"C:/ti/ccsv6/tools/compiler/arm_15.12.3.LTS/bin/armcl" -mv7M4 --code_state=16 --float_support=FPv4SPD16 -me --include_path="C:/ti/ccsv6/tools/compiler/arm_15.12.3.LTS/include" --include_path="C:/ti/TivaWare_C_Series-2.1.3.156" -g --gcc --define=ccs="ccs" --define=PART_TM4C1294NCPDT --diag_warning=225 --diag_wrap=off --display_error_number --abi=eabi --preproc_with_compile --preproc_dependency="tm4c1294ncpdt_startup_ccs.d"  "../tm4c1294ncpdt_startup_ccs.c"
'Finished building: ../tm4c1294ncpdt_startup_ccs.c'
' '
'Building target: BlinkLED_timer.out'
'Invoking: ARM Linker'
"C:/ti/ccsv6/tools/compiler/arm_15.12.3.LTS/bin/armcl" -mv7M4 --code_state=16 --float_support=FPv4SPD16 -me -g --gcc --define=ccs="ccs" --define=PART_TM4C1294NCPDT --diag_warning=225 --diag_wrap=off --display_error_number --abi=eabi -z -m"BlinkLED_timer.map" --stack_size=512 --heap_size=0 -i"C:/ti/ccsv6/tools/compiler/arm_15.12.3.LTS/lib" -i"C:/ti/ccsv6/tools/compiler/arm_15.12.3.LTS/include" --reread_libs --warn_sections --diag_wrap=off --display_error_number --xml_link_info="BlinkLED_timer_linkInfo.xml" --rom_model -o "BlinkLED_timer.out" "./main.obj" "./tm4c1294ncpdt_startup_ccs.obj" "../tm4c1294ncpdt.cmd"  -llibc.a -l"C:/ti/TivaWare_C_Series-2.1.3.156/driverlib/ccs/Debug/driverlib.lib" 
<Linking>
'Finished building target: BlinkLED_timer.out'
' '

**** Build Finished ****

**** Build of configuration Debug for project BlinkLED_timer ****

"C:\\ti\\ccsv6\\utils\\bin\\gmake" -k all 
'Building file: ../main.c'
'Invoking: ARM Compiler'
"C:/ti/ccsv6/tools/compiler/arm_15.12.3.LTS/bin/armcl" -mv7M4 --code_state=16 --float_support=FPv4SPD16 -me --include_path="C:/ti/ccsv6/tools/compiler/arm_15.12.3.LTS/include" --include_path="C:/ti/TivaWare_C_Series-2.1.3.156" -g --gcc --define=ccs="ccs" --define=PART_TM4C1294NCPDT --diag_warning=225 --diag_wrap=off --display_error_number --abi=eabi --preproc_with_compile --preproc_dependency="main.d"  "../main.c"
'Finished building: ../main.c'
' '
'Building target: BlinkLED_timer.out'
'Invoking: ARM Linker'
"C:/ti/ccsv6/tools/compiler/arm_15.12.3.LTS/bin/armcl" -mv7M4 --code_state=16 --float_support=FPv4SPD16 -me -g --gcc --define=ccs="ccs" --define=PART_TM4C1294NCPDT --diag_warning=225 --diag_wrap=off --display_error_number --abi=eabi -z -m"BlinkLED_timer.map" --stack_size=512 --heap_size=0 -i"C:/ti/ccsv6/tools/compiler/arm_15.12.3.LTS/lib" -i"C:/ti/ccsv6/tools/compiler/arm_15.12.3.LTS/include" --reread_libs --warn_sections --diag_wrap=off --display_error_number --xml_link_info="BlinkLED_timer_linkInfo.xml" --rom_model -o "BlinkLED_timer.out" "./main.obj" "./tm4c1294ncpdt_startup_ccs.obj" "../tm4c1294ncpdt.cmd"  -llibc.a -l"C:/ti/TivaWare_C_Series-2.1.3.156/driverlib/ccs/Debug/driverlib.lib" 
<Linking>
'Finished building target: BlinkLED_timer.out'
' '

**** Build Finished ****

**** Build of configuration Debug for project BlinkLED_timer ****

"C:\\ti\\ccsv6\\utils\\bin\\gmake" -k all 
'Building file: ../main.c'
'Invoking: ARM Compiler'
"C:/ti/ccsv6/tools/compiler/arm_15.12.3.LTS/bin/armcl" -mv7M4 --code_state=16 --float_support=FPv4SPD16 -me --include_path="C:/ti/ccsv6/tools/compiler/arm_15.12.3.LTS/include" --include_path="C:/ti/TivaWare_C_Series-2.1.3.156" -g --gcc --define=ccs="ccs" --define=PART_TM4C1294NCPDT --diag_warning=225 --diag_wrap=off --display_error_number --abi=eabi --preproc_with_compile --preproc_dependency="main.d"  "../main.c"
"../main.c", line 58: warning #552-D: variable "periods" was set but never used
'Finished building: ../main.c'
' '
'Building target: BlinkLED_timer.out'
'Invoking: ARM Linker'
"C:/ti/ccsv6/tools/compiler/arm_15.12.3.LTS/bin/armcl" -mv7M4 --code_state=16 --float_support=FPv4SPD16 -me -g --gcc --define=ccs="ccs" --define=PART_TM4C1294NCPDT --diag_warning=225 --diag_wrap=off --display_error_number --abi=eabi -z -m"BlinkLED_timer.map" --stack_size=512 --heap_size=0 -i"C:/ti/ccsv6/tools/compiler/arm_15.12.3.LTS/lib" -i"C:/ti/ccsv6/tools/compiler/arm_15.12.3.LTS/include" --reread_libs --warn_sections --diag_wrap=off --display_error_number --xml_link_info="BlinkLED_timer_linkInfo.xml" --rom_model -o "BlinkLED_timer.out" "./main.obj" "./tm4c1294ncpdt_startup_ccs.obj" "../tm4c1294ncpdt.cmd"  -llibc.a -l"C:/ti/TivaWare_C_Series-2.1.3.156/driverlib/ccs/Debug/driverlib.lib" 
<Linking>
'Finished building target: BlinkLED_timer.out'
' '

**** Build Finished ****

**** Build of configuration Debug for project Blinky ****

"C:\\ti\\ccsv6\\utils\\bin\\gmake" -k all 
gmake: Nothing to be done for 'all'.

**** Build Finished ****

**** Build of configuration Debug for project Blinky ****

"C:\\ti\\ccsv6\\utils\\bin\\gmake" -k all 
gmake: Nothing to be done for 'all'.

**** Build Finished ****

**** Clean-only build of configuration Debug for project timers ****

"C:\\ti\\ccsv6\\utils\\bin\\gmake" -k clean 
gmake: *** No rule to make target 'clean'.

**** Build Finished ****

**** Build of configuration Debug for project timers ****

"C:\\ti\\ccsv6\\utils\\bin\\gmake" -k all 
'Building file: ../startup_ccs.c'
'Invoking: ARM Compiler'
"C:/ti/ccsv6/tools/compiler/ti-cgt-arm_15.12.1.LTS/bin/armcl" -mv7M4 --code_state=16 --float_support=FPv4SPD16 --abi=eabi -me -O2 --include_path="C:/ti/ccsv6/tools/compiler/ti-cgt-arm_15.12.1.LTS/include" --include_path="c:/ti/TivaWare_C_Series-2.1.3.156/examples/boards/dk-tm4c129x" --include_path="c:/ti/TivaWare_C_Series-2.1.3.156" --advice:power=all -g --gcc --define=ccs="ccs" --define=PART_TM4C129XNCZAD --define=TARGET_IS_TM4C129_RA0 --diag_wrap=off --diag_warning=225 --display_error_number --gen_func_subsections=on --ual --preproc_with_compile --preproc_dependency="startup_ccs.d"  "../startup_ccs.c"
"../startup_ccs.c", line 237: remark #1527-D: (ULP 2.1) Detected SW delay loop using empty loop. Recommend using a timer module instead
"../startup_ccs.c", line 255: remark #1527-D: (ULP 2.1) Detected SW delay loop using empty loop. Recommend using a timer module instead
"../startup_ccs.c", line 273: remark #1527-D: (ULP 2.1) Detected SW delay loop using empty loop. Recommend using a timer module instead
'Finished building: ../startup_ccs.c'
' '
'Building file: ../timers.c'
'Invoking: ARM Compiler'
"C:/ti/ccsv6/tools/compiler/ti-cgt-arm_15.12.1.LTS/bin/armcl" -mv7M4 --code_state=16 --float_support=FPv4SPD16 --abi=eabi -me -O2 --include_path="C:/ti/ccsv6/tools/compiler/ti-cgt-arm_15.12.1.LTS/include" --include_path="c:/ti/TivaWare_C_Series-2.1.3.156/examples/boards/dk-tm4c129x" --include_path="c:/ti/TivaWare_C_Series-2.1.3.156" --advice:power=all -g --gcc --define=ccs="ccs" --define=PART_TM4C129XNCZAD --define=TARGET_IS_TM4C129_RA0 --diag_wrap=off --diag_warning=225 --display_error_number --gen_func_subsections=on --ual --preproc_with_compile --preproc_dependency="timers.d"  "../timers.c"
"../timers.c", line 213: remark #1527-D: (ULP 2.1) Detected SW delay loop using empty loop. Recommend using a timer module instead
'Finished building: ../timers.c'
' '
'Building file: C:/ti/TivaWare_C_Series-2.1.3.156/examples/boards/dk-tm4c129x/drivers/frame.c'
'Invoking: ARM Compiler'
"C:/ti/ccsv6/tools/compiler/ti-cgt-arm_15.12.1.LTS/bin/armcl" -mv7M4 --code_state=16 --float_support=FPv4SPD16 --abi=eabi -me -O2 --include_path="C:/ti/ccsv6/tools/compiler/ti-cgt-arm_15.12.1.LTS/include" --include_path="c:/ti/TivaWare_C_Series-2.1.3.156/examples/boards/dk-tm4c129x" --include_path="c:/ti/TivaWare_C_Series-2.1.3.156" --advice:power=all -g --gcc --define=ccs="ccs" --define=PART_TM4C129XNCZAD --define=TARGET_IS_TM4C129_RA0 --diag_wrap=off --diag_warning=225 --display_error_number --gen_func_subsections=on --ual --preproc_with_compile --preproc_dependency="drivers/frame.d" --obj_directory="drivers"  "C:/ti/TivaWare_C_Series-2.1.3.156/examples/boards/dk-tm4c129x/drivers/frame.c"
'Finished building: C:/ti/TivaWare_C_Series-2.1.3.156/examples/boards/dk-tm4c129x/drivers/frame.c'
' '
'Building file: C:/ti/TivaWare_C_Series-2.1.3.156/examples/boards/dk-tm4c129x/drivers/kentec320x240x16_ssd2119.c'
'Invoking: ARM Compiler'
"C:/ti/ccsv6/tools/compiler/ti-cgt-arm_15.12.1.LTS/bin/armcl" -mv7M4 --code_state=16 --float_support=FPv4SPD16 --abi=eabi -me -O2 --include_path="C:/ti/ccsv6/tools/compiler/ti-cgt-arm_15.12.1.LTS/include" --include_path="c:/ti/TivaWare_C_Series-2.1.3.156/examples/boards/dk-tm4c129x" --include_path="c:/ti/TivaWare_C_Series-2.1.3.156" --advice:power=all -g --gcc --define=ccs="ccs" --define=PART_TM4C129XNCZAD --define=TARGET_IS_TM4C129_RA0 --diag_wrap=off --diag_warning=225 --display_error_number --gen_func_subsections=on --ual --preproc_with_compile --preproc_dependency="drivers/kentec320x240x16_ssd2119.d" --obj_directory="drivers"  "C:/ti/TivaWare_C_Series-2.1.3.156/examples/boards/dk-tm4c129x/drivers/kentec320x240x16_ssd2119.c"
'Finished building: C:/ti/TivaWare_C_Series-2.1.3.156/examples/boards/dk-tm4c129x/drivers/kentec320x240x16_ssd2119.c'
' '
'Building file: C:/ti/TivaWare_C_Series-2.1.3.156/examples/boards/dk-tm4c129x/drivers/pinout.c'
'Invoking: ARM Compiler'
"C:/ti/ccsv6/tools/compiler/ti-cgt-arm_15.12.1.LTS/bin/armcl" -mv7M4 --code_state=16 --float_support=FPv4SPD16 --abi=eabi -me -O2 --include_path="C:/ti/ccsv6/tools/compiler/ti-cgt-arm_15.12.1.LTS/include" --include_path="c:/ti/TivaWare_C_Series-2.1.3.156/examples/boards/dk-tm4c129x" --include_path="c:/ti/TivaWare_C_Series-2.1.3.156" --advice:power=all -g --gcc --define=ccs="ccs" --define=PART_TM4C129XNCZAD --define=TARGET_IS_TM4C129_RA0 --diag_wrap=off --diag_warning=225 --display_error_number --gen_func_subsections=on --ual --preproc_with_compile --preproc_dependency="drivers/pinout.d" --obj_directory="drivers"  "C:/ti/TivaWare_C_Series-2.1.3.156/examples/boards/dk-tm4c129x/drivers/pinout.c"
'Finished building: C:/ti/TivaWare_C_Series-2.1.3.156/examples/boards/dk-tm4c129x/drivers/pinout.c'
' '
'Building target: timers.out'
'Invoking: ARM Linker'
"C:/ti/ccsv6/tools/compiler/ti-cgt-arm_15.12.1.LTS/bin/armcl" -mv7M4 --code_state=16 --float_support=FPv4SPD16 --abi=eabi -me -O2 --advice:power=all -g --gcc --define=ccs="ccs" --define=PART_TM4C129XNCZAD --define=TARGET_IS_TM4C129_RA0 --diag_wrap=off --diag_warning=225 --display_error_number --gen_func_subsections=on --ual -z -m"timers_ccs.map" --heap_size=0 --stack_size=1024 -i"C:/ti/ccsv6/tools/compiler/ti-cgt-arm_15.12.1.LTS/lib" -i"C:/ti/ccsv6/tools/compiler/ti-cgt-arm_15.12.1.LTS/include" --reread_libs --display_error_number --diag_wrap=off --warn_sections --xml_link_info="timers_linkInfo.xml" --rom_model -o "timers.out" "./startup_ccs.obj" "./timers.obj" "./drivers/frame.obj" "./drivers/kentec320x240x16_ssd2119.obj" "./drivers/pinout.obj" "../timers_ccs.cmd"  -llibc.a -l"c:/ti/TivaWare_C_Series-2.1.3.156/driverlib/ccs/Debug/driverlib.lib" -l"c:/ti/TivaWare_C_Series-2.1.3.156/grlib/ccs/Debug/grlib.lib" 
<Linking>
remark #10371-D: (ULP 1.1) Detected no uses of low power mode state changing instructions
'Finished building target: timers.out'
' '
"C:/ti/ccsv6/utils/tiobj2bin/tiobj2bin" "timers.out" "timers.bin" "C:/ti/ccsv6/tools/compiler/ti-cgt-arm_15.12.1.LTS/bin/armofd" "C:/ti/ccsv6/tools/compiler/ti-cgt-arm_15.12.1.LTS/bin/armhex" "C:/ti/ccsv6/utils/tiobj2bin/mkhex4bin"
' '

**** Build Finished ****

**** Build of configuration Debug for project Blinky ****

"C:\\ti\\ccsv6\\utils\\bin\\gmake" -k all 
'Building file: ../main.c'
'Invoking: ARM Compiler'
"C:/ti/ccsv6/tools/compiler/arm_15.12.3.LTS/bin/armcl" -mv7M4 --code_state=16 --float_support=FPv4SPD16 -me --include_path="C:/ti/ccsv6/tools/compiler/arm_15.12.3.LTS/include" --include_path="C:/ti/TivaWare_C_Series-2.1.3.156" -g --gcc --define=ccs="ccs" --define=PART_TM4C1294NCPDT --diag_wrap=off --diag_warning=225 --display_error_number --abi=eabi --preproc_with_compile --preproc_dependency="main.d"  "../main.c"
'Finished building: ../main.c'
' '
'Building target: Blinky.out'
'Invoking: ARM Linker'
"C:/ti/ccsv6/tools/compiler/arm_15.12.3.LTS/bin/armcl" -mv7M4 --code_state=16 --float_support=FPv4SPD16 -me -g --gcc --define=ccs="ccs" --define=PART_TM4C1294NCPDT --diag_wrap=off --diag_warning=225 --display_error_number --abi=eabi -z -m"Blinky.map" --stack_size=512 --heap_size=0 -i"C:/ti/ccsv6/tools/compiler/arm_15.12.3.LTS/lib" -i"C:/ti/ccsv6/tools/compiler/arm_15.12.3.LTS/include" --reread_libs --diag_wrap=off --warn_sections --display_error_number --xml_link_info="Blinky_linkInfo.xml" --rom_model -o "Blinky.out" "./main.obj" "./tm4c1294ncpdt_startup_ccs.obj" "../tm4c1294ncpdt.cmd"  -llibc.a -l"C:/ti/TivaWare_C_Series-2.1.3.156/driverlib/ccs/Debug/driverlib.lib" 
<Linking>
'Finished building target: Blinky.out'
' '

**** Build Finished ****

**** Build of configuration Debug for project BlinkLED_timer ****

"C:\\ti\\ccsv6\\utils\\bin\\gmake" -k all 
'Building file: ../main.c'
'Invoking: ARM Compiler'
"C:/ti/ccsv6/tools/compiler/arm_15.12.3.LTS/bin/armcl" -mv7M4 --code_state=16 --float_support=FPv4SPD16 -me --include_path="C:/ti/ccsv6/tools/compiler/arm_15.12.3.LTS/include" --include_path="C:/ti/TivaWare_C_Series-2.1.3.156" -g --gcc --define=ccs="ccs" --define=PART_TM4C1294NCPDT --diag_wrap=off --diag_warning=225 --display_error_number --abi=eabi --preproc_with_compile --preproc_dependency="main.d"  "../main.c"
'Finished building: ../main.c'
' '
'Building target: BlinkLED_timer.out'
'Invoking: ARM Linker'
"C:/ti/ccsv6/tools/compiler/arm_15.12.3.LTS/bin/armcl" -mv7M4 --code_state=16 --float_support=FPv4SPD16 -me -g --gcc --define=ccs="ccs" --define=PART_TM4C1294NCPDT --diag_wrap=off --diag_warning=225 --display_error_number --abi=eabi -z -m"BlinkLED_timer.map" --stack_size=512 --heap_size=0 -i"C:/ti/ccsv6/tools/compiler/arm_15.12.3.LTS/lib" -i"C:/ti/ccsv6/tools/compiler/arm_15.12.3.LTS/include" --reread_libs --diag_wrap=off --warn_sections --display_error_number --xml_link_info="BlinkLED_timer_linkInfo.xml" --rom_model -o "BlinkLED_timer.out" "./main.obj" "./tm4c1294ncpdt_startup_ccs.obj" "../tm4c1294ncpdt.cmd"  -llibc.a -l"C:/ti/TivaWare_C_Series-2.1.3.156/driverlib/ccs/Debug/driverlib.lib" 
<Linking>
'Finished building target: BlinkLED_timer.out'
' '

**** Build Finished ****

**** Build of configuration Debug for project BlinkLED_timer ****

"C:\\ti\\ccsv6\\utils\\bin\\gmake" -k all 
'Building file: ../main.c'
'Invoking: ARM Compiler'
"C:/ti/ccsv6/tools/compiler/arm_15.12.3.LTS/bin/armcl" -mv7M4 --code_state=16 --float_support=FPv4SPD16 -me --include_path="C:/ti/ccsv6/tools/compiler/arm_15.12.3.LTS/include" --include_path="C:/ti/TivaWare_C_Series-2.1.3.156" -g --gcc --define=ccs="ccs" --define=PART_TM4C1294NCPDT --diag_wrap=off --diag_warning=225 --display_error_number --abi=eabi --preproc_with_compile --preproc_dependency="main.d"  "../main.c"
'Finished building: ../main.c'
' '
'Building target: BlinkLED_timer.out'
'Invoking: ARM Linker'
"C:/ti/ccsv6/tools/compiler/arm_15.12.3.LTS/bin/armcl" -mv7M4 --code_state=16 --float_support=FPv4SPD16 -me -g --gcc --define=ccs="ccs" --define=PART_TM4C1294NCPDT --diag_wrap=off --diag_warning=225 --display_error_number --abi=eabi -z -m"BlinkLED_timer.map" --stack_size=512 --heap_size=0 -i"C:/ti/ccsv6/tools/compiler/arm_15.12.3.LTS/lib" -i"C:/ti/ccsv6/tools/compiler/arm_15.12.3.LTS/include" --reread_libs --diag_wrap=off --warn_sections --display_error_number --xml_link_info="BlinkLED_timer_linkInfo.xml" --rom_model -o "BlinkLED_timer.out" "./main.obj" "./tm4c1294ncpdt_startup_ccs.obj" "../tm4c1294ncpdt.cmd"  -llibc.a -l"C:/ti/TivaWare_C_Series-2.1.3.156/driverlib/ccs/Debug/driverlib.lib" 
<Linking>
'Finished building target: BlinkLED_timer.out'
' '

**** Build Finished ****

**** Build of configuration Debug for project BlinkLED_timer ****

"C:\\ti\\ccsv6\\utils\\bin\\gmake" -k all 
gmake: Nothing to be done for 'all'.

**** Build Finished ****
